<?xml version='1.0' encoding='UTF-8'?>
<testsuite hostname="GYANANGKUSH" name="com.typesafe.training.scalatrain.JourneyPlannerSpecKoan" tests="5" errors="0" failures="0" skipped="0" time="0.041" timestamp="2021-02-16T17:57:11">
                     <properties>
      <property name="jline.esc.timeout" value="0"/><property name="java.runtime.name" value="OpenJDK Runtime Environment"/><property name="sun.boot.library.path" value="C:\Program Files\OpenJDK\jdk-8.0.262.10-hotspot\jre\bin"/><property name="java.vm.version" value="25.71-b10"/><property name="java.vm.vendor" value="Oracle Corporation"/><property name="java.vendor.url" value="http://java.oracle.com/"/><property name="path.separator" value=";"/><property name="jna.loaded" value="true"/><property name="java.vm.name" value="OpenJDK 64-Bit Server VM"/><property name="file.encoding.pkg" value="sun.io"/><property name="user.country" value="US"/><property name="user.script" value=""/><property name="sun.java.launcher" value="SUN_STANDARD"/><property name="sun.os.patch.level" value=""/><property name="jna.nosys" value="true"/><property name="java.vm.specification.name" value="Java Virtual Machine Specification"/><property name="user.dir" value="D:\train"/><property name="java.runtime.version" value="1.8.0-262-b10"/><property name="java.awt.graphicsenv" value="sun.awt.Win32GraphicsEnvironment"/><property name="idea.managed" value="true"/><property name="java.endorsed.dirs" value="C:\Program Files\OpenJDK\jdk-8.0.262.10-hotspot\jre\lib\endorsed"/><property name="os.arch" value="amd64"/><property name="java.io.tmpdir" value="C:\Users\ASUSPC~1\AppData\Local\Temp\"/><property name="line.separator" value="
"/><property name="java.vm.specification.vendor" value="Oracle Corporation"/><property name="log4j.ignoreTCL" value="true"/><property name="user.variant" value=""/><property name="os.name" value="Windows 10"/><property name="sbt.log.noformat" value="true"/><property name="sun.jnu.encoding" value="Cp1252"/><property name="jnidispatch.path" value="C:\Users\ASUSPC~1\AppData\Local\Temp\jna-962060707\jna2544430936822098707.dll"/><property name="java.library.path" value="C:\Program Files\OpenJDK\jdk-8.0.262.10-hotspot\bin;C:\WINDOWS\Sun\Java\bin;C:\WINDOWS\system32;C:\WINDOWS;C:\Program Files\OpenJDK\jdk-8.0.262.10-hotspot\bin;C:\Program Files (x86)\Common Files\Intel\Shared Libraries\redist\intel64\compiler;C:\Program Files (x86)\Intel\Intel(R) Management Engine Components\iCLS\;C:\Program Files\Intel\Intel(R) Management Engine Components\iCLS\;C:\Windows\system32;C:\Windows;C:\Windows\System32\Wbem;C:\Windows\System32\WindowsPowerShell\v1.0\;C:\Program Files (x86)\Intel\Intel(R) Management Engine Components\DAL;C:\Program Files\Intel\Intel(R) Management Engine Components\DAL;C:\Program Files (x86)\Intel\Intel(R) Management Engine Components\IPT;C:\Program Files\Intel\Intel(R) Management Engine Components\IPT;C:\Program Files (x86)\NVIDIA Corporation\PhysX\Common;C:\Program Files\Intel\WiFi\bin\;C:\Program Files\Common Files\Intel\WirelessCommon\;C:\WINDOWS\system32;C:\WINDOWS;C:\WINDOWS\System32\Wbem;C:\WINDOWS\System32\WindowsPowerShell\v1.0\;C:\WINDOWS\System32\OpenSSH\;C:\Program Files\PuTTY\;C:\Program Files\NVIDIA Corporation\NVIDIA NvDLISR;C:\WINDOWS\system32;C:\WINDOWS;C:\WINDOWS\System32\Wbem;C:\WINDOWS\System32\WindowsPowerShell\v1.0\;C:\WINDOWS\System32\OpenSSH\;C:\Program Files\Git\cmd;C:\xampp\php;C:\Program Files\nodejs\;C:\ProgramData\chocolatey\bin;C:\wamp64\bin\php\php7.4.0;C:\ProgramData\ComposerSetup\bin;C:\Program Files (x86)\sbt\bin;C:\Users\Asus PC\AppData\Local\Microsoft\WindowsApps;C:\Users\Asus PC\AppData\Local\atom\bin;C:\Users\Asus PC\AppData\Local\Microsoft\WindowsApps;;C:\Program Files\JetBrains\PyCharm 2020.1.2\bin;;C:\Users\Asus PC\AppData\Roaming\Composer\vendor\bin;C:\Users\Asus PC\AppData\Roaming\npm;C:\Users\Asus PC\AppData\Local\Programs\Microsoft VS Code\bin;."/><property name="java.specification.name" value="Java Platform API Specification"/><property name="java.class.version" value="52.0"/><property name="sun.management.compiler" value="HotSpot 64-Bit Tiered Compilers"/><property name="os.version" value="10.0"/><property name="swoval.tmpdir" value="C:\Users\Asus PC\.sbt\1.0"/><property name="user.home" value="C:\Users\Asus PC"/><property name="user.timezone" value="Asia/Calcutta"/><property name="java.awt.printerjob" value="sun.awt.windows.WPrinterJob"/><property name="file.encoding" value="UTF-8"/><property name="java.specification.version" value="1.8"/><property name="java.class.path" value="C:\Users\Asus PC\AppData\Roaming\JetBrains\IdeaIC2020.3\plugins\Scala\launcher\sbt-launch.jar"/><property name="user.name" value="Asus PC"/><property name="jline.shutdownhook" value="false"/><property name="java.vm.specification.version" value="1.8"/><property name="sun.java.command" value="C:\Users\Asus PC\AppData\Roaming\JetBrains\IdeaIC2020.3\plugins\Scala\launcher\sbt-launch.jar early(addPluginSbtFile=&quot;&quot;&quot;C:\Users\ASUSPC~1\AppData\Local\Temp\idea668.sbt&quot;&quot;&quot;) ; set ideaPort in Global := 49831 ; idea-shell"/><property name="java.home" value="C:\Program Files\OpenJDK\jdk-8.0.262.10-hotspot\jre"/><property name="sun.arch.data.model" value="64"/><property name="user.language" value="en"/><property name="java.specification.vendor" value="Oracle Corporation"/><property name="awt.toolkit" value="sun.awt.windows.WToolkit"/><property name="java.vm.info" value="mixed mode"/><property name="java.version" value="1.8.0-262"/><property name="java.ext.dirs" value="C:\Program Files\OpenJDK\jdk-8.0.262.10-hotspot\jre\lib\ext;C:\WINDOWS\Sun\Java\lib\ext"/><property name="sun.boot.class.path" value="C:\Program Files\OpenJDK\jdk-8.0.262.10-hotspot\jre\lib\resources.jar;C:\Program Files\OpenJDK\jdk-8.0.262.10-hotspot\jre\lib\rt.jar;C:\Program Files\OpenJDK\jdk-8.0.262.10-hotspot\jre\lib\sunrsasign.jar;C:\Program Files\OpenJDK\jdk-8.0.262.10-hotspot\jre\lib\jsse.jar;C:\Program Files\OpenJDK\jdk-8.0.262.10-hotspot\jre\lib\jce.jar;C:\Program Files\OpenJDK\jdk-8.0.262.10-hotspot\jre\lib\charsets.jar;C:\Program Files\OpenJDK\jdk-8.0.262.10-hotspot\jre\lib\jfr.jar;C:\Program Files\OpenJDK\jdk-8.0.262.10-hotspot\jre\classes"/><property name="java.vendor" value="OpenLogic-OpenJDK"/><property name="sun.stderr.encoding" value="cp437"/><property name="file.separator" value="\"/><property name="java.vendor.url.bug" value="http://bugreport.sun.com/bugreport/"/><property name="sbt.supershell" value="false"/><property name="sun.io.unicode.encoding" value="UnicodeLittle"/><property name="sun.cpu.endian" value="little"/><property name="sun.stdout.encoding" value="cp437"/><property name="sun.desktop" value="windows"/><property name="sun.cpu.isalist" value="amd64"/>
    </properties>
                     <testcase classname="com.typesafe.training.scalatrain.JourneyPlannerSpecKoan" name="stations to be initialized correctly" time="0.028">
                                                 
                                               </testcase><testcase classname="com.typesafe.training.scalatrain.JourneyPlannerSpecKoan" name="Calling trainsAt must return correct trains" time="0.001">
                                                 
                                               </testcase><testcase classname="com.typesafe.training.scalatrain.JourneyPlannerSpecKoan" name="Calling stopsAt must return correct stops" time="0.006">
                                                 
                                               </testcase><testcase classname="com.typesafe.training.scalatrain.JourneyPlannerSpecKoan" name="Calling inShortTrip must return 'true' if 0 or 1 station in between" time="0.005">
                                                 
                                               </testcase><testcase classname="com.typesafe.training.scalatrain.JourneyPlannerSpecKoan" name="Calling inShortTrip must return false if more than 1 station in between" time="0.001">
                                                 
                                               </testcase>
                     <system-out><![CDATA[]]></system-out>
                     <system-err><![CDATA[]]></system-err>
                   </testsuite>